<?xml version="1.0" encoding="UTF-8"?>
<!-- Generated by org.testng.reporters.JUnitReportReporter -->
<testsuite hostname="NavyaPC" failures="0" tests="1" name="Test.LaunchBrowser" time="3.895" errors="0" timestamp="2023-03-27T21:01:34 IST" skipped="0">
  <testcase classname="Test.LaunchBrowser" name="launch" time="3.895"/>
  <system-out/>
</testsuite> <!-- Test.LaunchBrowser -->
