<?xml version="1.0" encoding="UTF-8"?>
<!-- Generated by org.testng.reporters.JUnitReportReporter -->
<testsuite hostname="NavyaPC" failures="0" tests="1" name="LaunchBrowser" time="7.844" errors="0" timestamp="2023-03-27T19:40:05 IST" skipped="0">
  <testcase classname="LaunchBrowser" name="launch" time="7.844"/>
  <system-out/>
</testsuite> <!-- LaunchBrowser -->
