<?xml version="1.0" encoding="UTF-8"?>
<!-- Generated by org.testng.reporters.JUnitReportReporter -->
<testsuite hostname="NavyaPC" failures="0" tests="1" name="Test.LaunchBrowser" time="3.942" errors="0" timestamp="2023-03-27T19:41:53 IST" skipped="0">
  <testcase classname="Test.LaunchBrowser" name="launch" time="3.942"/>
  <system-out/>
</testsuite> <!-- Test.LaunchBrowser -->
